<?xml version="1.0" encoding="UTF-8"?>
<!-- Generated by org.testng.reporters.JUnitXMLReporter -->
<testsuite hostname="zq010-PC" name="Default test" tests="4" failures="0" timestamp="27 May 2016 01:53:35 GMT" time="111.282" errors="0">
  <testcase name="RamdomTest" time="8.89" classname="jkstTest.JkstTest"/>
  <testcase name="addContact" time="19.736" classname="jkstTest.JkstTest"/>
  <testcase name="installTest" time="72.606" classname="jkstTest.JkstTest"/>
  <testcase name="TestNgLearn" time="0.002" classname="jkstTest.TestNGLearn1"/>
</testsuite> <!-- Default test -->
