<?xml version="1.0" encoding="UTF-8"?>
<testng-results skipped="0" failed="0" total="4" passed="4">
  <reporter-output>
  </reporter-output>
  <suite name="Default suite" duration-ms="111282" started-at="2016-05-27T01:51:44Z" finished-at="2016-05-27T01:53:35Z">
    <groups>
    </groups>
    <test name="Default test" duration-ms="111282" started-at="2016-05-27T01:51:44Z" finished-at="2016-05-27T01:53:35Z">
      <class name="jkstTest.JkstTest">
        <test-method status="PASS" signature="setUp(java.lang.String)[pri:0, instance:jkstTest.JkstTest@79b06cab]" name="setUp" is-config="true" duration-ms="8977" started-at="2016-05-27T09:51:44Z" finished-at="2016-05-27T09:51:53Z">
          <params>
            <param index="0">
              <value>
                <![CDATA[4723]]>
              </value>
            </param>
          </params>
          <reporter-output>
          </reporter-output>
        </test-method> <!-- setUp -->
        <test-method status="PASS" signature="RamdomTest()[pri:0, instance:jkstTest.JkstTest@79b06cab]" name="RamdomTest" duration-ms="8890" started-at="2016-05-27T09:51:53Z" finished-at="2016-05-27T09:52:02Z">
          <reporter-output>
          </reporter-output>
        </test-method> <!-- RamdomTest -->
        <test-method status="PASS" signature="addContact()[pri:0, instance:jkstTest.JkstTest@79b06cab]" name="addContact" duration-ms="19736" started-at="2016-05-27T09:52:02Z" finished-at="2016-05-27T09:52:21Z">
          <reporter-output>
          </reporter-output>
        </test-method> <!-- addContact -->
        <test-method status="PASS" signature="installTest()[pri:0, instance:jkstTest.JkstTest@79b06cab]" name="installTest" duration-ms="72606" started-at="2016-05-27T09:52:21Z" finished-at="2016-05-27T09:53:34Z">
          <reporter-output>
          </reporter-output>
        </test-method> <!-- installTest -->
        <test-method status="PASS" signature="tearDown()[pri:0, instance:jkstTest.JkstTest@79b06cab]" name="tearDown" is-config="true" duration-ms="1013" started-at="2016-05-27T09:53:34Z" finished-at="2016-05-27T09:53:35Z">
          <reporter-output>
          </reporter-output>
        </test-method> <!-- tearDown -->
      </class> <!-- jkstTest.JkstTest -->
      <class name="jkstTest.TestNGLearn1">
        <test-method status="PASS" signature="beforeClass()[pri:0, instance:jkstTest.TestNGLearn1@3eb7fc54]" name="beforeClass" is-config="true" duration-ms="0" started-at="2016-05-27T09:53:35Z" finished-at="2016-05-27T09:53:35Z">
          <reporter-output>
          </reporter-output>
        </test-method> <!-- beforeClass -->
        <test-method status="PASS" signature="TestNgLearn()[pri:0, instance:jkstTest.TestNGLearn1@3eb7fc54]" name="TestNgLearn" duration-ms="2" started-at="2016-05-27T09:53:35Z" finished-at="2016-05-27T09:53:35Z">
          <reporter-output>
          </reporter-output>
        </test-method> <!-- TestNgLearn -->
        <test-method status="PASS" signature="afterClass()[pri:0, instance:jkstTest.TestNGLearn1@3eb7fc54]" name="afterClass" is-config="true" duration-ms="0" started-at="2016-05-27T09:53:35Z" finished-at="2016-05-27T09:53:35Z">
          <reporter-output>
          </reporter-output>
        </test-method> <!-- afterClass -->
      </class> <!-- jkstTest.TestNGLearn1 -->
    </test> <!-- Default test -->
  </suite> <!-- Default suite -->
</testng-results>
